2018-02-07T12:08:18+00:00 CRITICAL Call to undefined function request_filesystem_credentials()

2018-02-08T06:47:30+00:00 CRITICAL Call to undefined function request_filesystem_credentials()

2018-02-09T00:44:32+00:00 CRITICAL Call to undefined function request_filesystem_credentials()

2018-02-09T15:19:00+00:00 CRITICAL Call to undefined function request_filesystem_credentials()

2018-02-10T13:17:01+00:00 CRITICAL Call to undefined function request_filesystem_credentials()

2018-02-11T03:12:50+00:00 CRITICAL Call to undefined function request_filesystem_credentials()

2018-02-12T10:20:14+00:00 CRITICAL Call to undefined function request_filesystem_credentials()

2018-02-12T12:10:46+00:00 CRITICAL Call to undefined function request_filesystem_credentials()

2018-02-13T00:50:41+00:00 CRITICAL Call to undefined function request_filesystem_credentials()

2018-02-13T12:32:10+00:00 CRITICAL Call to undefined function request_filesystem_credentials()

2018-02-14T00:33:36+00:00 CRITICAL Call to undefined function request_filesystem_credentials()

2018-02-14T12:13:17+00:00 CRITICAL Call to undefined function request_filesystem_credentials()

2018-02-15T06:34:41+00:00 CRITICAL Call to undefined function request_filesystem_credentials()

2018-02-15T12:37:19+00:00 CRITICAL Call to undefined function request_filesystem_credentials()

2018-02-16T00:20:22+00:00 CRITICAL Call to undefined function request_filesystem_credentials()

2018-02-16T13:31:59+00:00 CRITICAL Call to undefined function request_filesystem_credentials()

2018-02-17T08:41:38+00:00 CRITICAL Call to undefined function request_filesystem_credentials()

2018-02-18T01:38:36+00:00 CRITICAL Call to undefined function request_filesystem_credentials()

2018-02-18T12:24:05+00:00 CRITICAL Call to undefined function request_filesystem_credentials()

2018-02-19T08:21:22+00:00 CRITICAL Call to undefined function request_filesystem_credentials()

2018-02-20T08:32:33+00:00 CRITICAL Call to undefined function request_filesystem_credentials()

2018-02-20T11:44:31+00:00 CRITICAL Call to undefined function request_filesystem_credentials()

2018-02-20T23:50:34+00:00 CRITICAL Call to undefined function request_filesystem_credentials()

2018-02-25T09:15:17+00:00 CRITICAL Call to undefined function request_filesystem_credentials()

2018-02-25T12:23:26+00:00 CRITICAL Call to undefined function request_filesystem_credentials()

2018-02-26T00:27:26+00:00 CRITICAL Call to undefined function request_filesystem_credentials()

2018-02-26T12:01:51+00:00 CRITICAL Call to undefined function request_filesystem_credentials()

2018-02-27T00:01:31+00:00 CRITICAL Call to undefined function request_filesystem_credentials()

2018-02-27T13:29:39+00:00 CRITICAL Call to undefined function request_filesystem_credentials()

2018-02-27T23:45:37+00:00 CRITICAL Call to undefined function request_filesystem_credentials()

2018-03-02T05:25:58+00:00 CRITICAL Call to undefined function request_filesystem_credentials()

2018-03-02T12:03:11+00:00 CRITICAL Call to undefined function request_filesystem_credentials()

2018-03-03T00:02:28+00:00 CRITICAL Call to undefined function request_filesystem_credentials()

2018-03-03T13:14:10+00:00 CRITICAL Call to undefined function request_filesystem_credentials()

2018-03-04T00:27:28+00:00 CRITICAL Call to undefined function request_filesystem_credentials()

2018-03-04T12:22:59+00:00 CRITICAL Call to undefined function request_filesystem_credentials()

2018-03-04T23:55:32+00:00 CRITICAL Call to undefined function request_filesystem_credentials()

2018-03-07T08:31:50+00:00 CRITICAL Call to undefined function request_filesystem_credentials()

2018-03-07T14:52:10+00:00 CRITICAL Call to undefined function request_filesystem_credentials()

2018-03-08T00:34:35+00:00 CRITICAL Call to undefined function request_filesystem_credentials()

2018-03-08T12:08:43+00:00 CRITICAL Call to undefined function request_filesystem_credentials()

2018-03-08T23:36:06+00:00 CRITICAL Call to undefined function request_filesystem_credentials()

2018-03-09T11:40:59+00:00 CRITICAL Call to undefined function request_filesystem_credentials()

2018-03-10T00:04:03+00:00 CRITICAL Call to undefined function request_filesystem_credentials()

2018-03-10T12:15:07+00:00 CRITICAL Call to undefined function request_filesystem_credentials()

2018-03-11T00:11:26+00:00 CRITICAL Call to undefined function request_filesystem_credentials()

2018-03-11T11:50:23+00:00 CRITICAL Call to undefined function request_filesystem_credentials()

2018-03-12T00:28:26+00:00 CRITICAL Call to undefined function request_filesystem_credentials()

2018-03-12T11:54:28+00:00 CRITICAL Call to undefined function request_filesystem_credentials()

2018-03-13T00:00:44+00:00 CRITICAL Call to undefined function request_filesystem_credentials()

2018-03-13T11:44:10+00:00 CRITICAL Call to undefined function request_filesystem_credentials()

2018-03-13T23:29:56+00:00 CRITICAL Call to undefined function request_filesystem_credentials()

2018-03-14T11:43:03+00:00 CRITICAL Call to undefined function request_filesystem_credentials()

2018-03-15T00:23:11+00:00 CRITICAL Call to undefined function request_filesystem_credentials()

2018-03-15T12:47:29+00:00 CRITICAL Call to undefined function request_filesystem_credentials()

2018-03-15T23:33:00+00:00 CRITICAL Call to undefined function request_filesystem_credentials()

2018-03-16T11:58:40+00:00 CRITICAL Call to undefined function request_filesystem_credentials()

2018-03-17T00:14:59+00:00 CRITICAL Call to undefined function request_filesystem_credentials()

2018-03-17T11:35:02+00:00 CRITICAL Call to undefined function request_filesystem_credentials()

2018-03-17T23:55:19+00:00 CRITICAL Call to undefined function request_filesystem_credentials()

2018-03-18T13:26:56+00:00 CRITICAL Call to undefined function request_filesystem_credentials()

2018-03-18T23:54:29+00:00 CRITICAL Call to undefined function request_filesystem_credentials()

2018-03-19T12:49:52+00:00 CRITICAL Call to undefined function request_filesystem_credentials()

2018-03-20T00:58:26+00:00 CRITICAL Call to undefined function request_filesystem_credentials()

2018-03-20T12:36:46+00:00 CRITICAL Call to undefined function request_filesystem_credentials()

2018-03-21T00:24:16+00:00 CRITICAL Call to undefined function request_filesystem_credentials()

2018-03-21T11:45:35+00:00 CRITICAL Call to undefined function request_filesystem_credentials()

2018-03-21T23:43:15+00:00 CRITICAL Call to undefined function request_filesystem_credentials()

2018-03-22T11:44:31+00:00 CRITICAL Call to undefined function request_filesystem_credentials()

2018-03-22T23:45:54+00:00 CRITICAL Call to undefined function request_filesystem_credentials()

2018-03-23T13:36:54+00:00 CRITICAL Call to undefined function request_filesystem_credentials()

2018-03-24T01:36:11+00:00 CRITICAL Call to undefined function request_filesystem_credentials()

2018-03-24T12:02:48+00:00 CRITICAL Call to undefined function request_filesystem_credentials()

2018-03-25T04:03:01+00:00 CRITICAL Call to undefined function request_filesystem_credentials()

2018-03-25T11:33:08+00:00 CRITICAL Call to undefined function request_filesystem_credentials()

2018-03-26T01:13:27+00:00 CRITICAL Call to undefined function request_filesystem_credentials()

2018-03-26T11:35:37+00:00 CRITICAL Call to undefined function request_filesystem_credentials()

2018-03-27T10:00:28+00:00 CRITICAL Call to undefined function request_filesystem_credentials()

2018-03-27T11:27:38+00:00 CRITICAL Call to undefined function request_filesystem_credentials()

2018-03-27T23:51:47+00:00 CRITICAL Call to undefined function request_filesystem_credentials()

2018-03-28T11:53:14+00:00 CRITICAL Call to undefined function request_filesystem_credentials()

2018-03-29T11:37:49+00:00 CRITICAL Call to undefined function request_filesystem_credentials()

2018-03-29T23:28:49+00:00 CRITICAL Call to undefined function request_filesystem_credentials()

2018-03-30T13:44:58+00:00 CRITICAL Call to undefined function request_filesystem_credentials()

2018-03-31T13:56:01+00:00 CRITICAL Call to undefined function request_filesystem_credentials()

2018-04-01T00:49:54+00:00 CRITICAL Call to undefined function request_filesystem_credentials()

2018-04-01T11:27:47+00:00 CRITICAL Call to undefined function request_filesystem_credentials()

2018-04-02T06:24:18+00:00 CRITICAL Call to undefined function request_filesystem_credentials()

2018-04-02T12:22:23+00:00 CRITICAL Call to undefined function request_filesystem_credentials()

2018-04-03T10:27:23+00:00 CRITICAL Call to undefined function request_filesystem_credentials()

2018-04-03T12:07:36+00:00 CRITICAL Call to undefined function request_filesystem_credentials()

2018-04-04T03:01:15+00:00 CRITICAL Call to undefined function request_filesystem_credentials()

2018-04-04T11:45:17+00:00 CRITICAL Call to undefined function request_filesystem_credentials()

2018-04-05T00:07:57+00:00 CRITICAL Call to undefined function request_filesystem_credentials()

2018-04-05T14:20:48+00:00 CRITICAL Call to undefined function request_filesystem_credentials()

2018-04-06T02:15:19+00:00 CRITICAL Call to undefined function request_filesystem_credentials()

2018-04-06T13:39:40+00:00 CRITICAL Call to undefined function request_filesystem_credentials()

2018-04-07T01:45:10+00:00 CRITICAL Call to undefined function request_filesystem_credentials()

2018-04-07T11:28:15+00:00 CRITICAL Call to undefined function request_filesystem_credentials()

2018-04-08T01:03:47+00:00 CRITICAL Call to undefined function request_filesystem_credentials()

2018-04-08T17:10:11+00:00 CRITICAL Call to undefined function request_filesystem_credentials()

2018-04-08T23:47:04+00:00 CRITICAL Call to undefined function request_filesystem_credentials()

2018-04-09T15:09:29+00:00 CRITICAL Call to undefined function request_filesystem_credentials()

2018-04-10T07:54:17+00:00 CRITICAL Call to undefined function request_filesystem_credentials()

2018-04-10T12:04:58+00:00 CRITICAL Call to undefined function request_filesystem_credentials()

2018-04-10T23:57:13+00:00 CRITICAL Call to undefined function request_filesystem_credentials()

2018-04-11T14:03:25+00:00 CRITICAL Call to undefined function request_filesystem_credentials()

2018-04-12T02:15:55+00:00 CRITICAL Call to undefined function request_filesystem_credentials()

2018-04-12T12:41:14+00:00 CRITICAL Call to undefined function request_filesystem_credentials()

2018-04-12T23:35:29+00:00 CRITICAL Call to undefined function request_filesystem_credentials()

2018-04-13T11:32:50+00:00 CRITICAL Call to undefined function request_filesystem_credentials()

2018-04-14T03:54:39+00:00 CRITICAL Call to undefined function request_filesystem_credentials()

2018-04-14T13:05:10+00:00 CRITICAL Call to undefined function request_filesystem_credentials()

2018-04-15T22:28:14+00:00 CRITICAL Call to undefined function request_filesystem_credentials()

2018-04-16T07:13:10+00:00 CRITICAL Call to undefined function request_filesystem_credentials()

2018-04-16T14:32:07+00:00 CRITICAL Call to undefined function request_filesystem_credentials()

2018-04-17T01:16:44+00:00 CRITICAL Call to undefined function request_filesystem_credentials()

2018-04-17T11:29:27+00:00 CRITICAL Call to undefined function request_filesystem_credentials()

2018-04-18T11:56:35+00:00 CRITICAL Call to undefined function request_filesystem_credentials()

2018-04-19T00:22:35+00:00 CRITICAL Call to undefined function request_filesystem_credentials()

2018-04-19T14:27:49+00:00 CRITICAL Call to undefined function request_filesystem_credentials()

2018-04-20T05:05:48+00:00 CRITICAL Call to undefined function request_filesystem_credentials()

2018-04-20T11:44:19+00:00 CRITICAL Call to undefined function request_filesystem_credentials()

2018-04-21T00:13:54+00:00 CRITICAL Call to undefined function request_filesystem_credentials()

2018-04-21T13:33:19+00:00 CRITICAL Call to undefined function request_filesystem_credentials()

2018-04-22T01:07:39+00:00 CRITICAL Call to undefined function request_filesystem_credentials()

2018-04-22T11:35:10+00:00 CRITICAL Call to undefined function request_filesystem_credentials()

2018-04-23T02:12:23+00:00 CRITICAL Call to undefined function request_filesystem_credentials()

2018-04-23T12:03:59+00:00 CRITICAL Call to undefined function request_filesystem_credentials()

2018-04-23T23:38:03+00:00 CRITICAL Call to undefined function request_filesystem_credentials()

2018-04-24T14:05:26+00:00 CRITICAL Call to undefined function request_filesystem_credentials()

2018-04-25T00:42:02+00:00 CRITICAL Call to undefined function request_filesystem_credentials()

2018-04-25T13:19:24+00:00 CRITICAL Call to undefined function request_filesystem_credentials()

2018-04-26T02:31:54+00:00 CRITICAL Call to undefined function request_filesystem_credentials()

2018-04-26T15:19:38+00:00 CRITICAL Call to undefined function request_filesystem_credentials()

2018-04-26T23:53:07+00:00 CRITICAL Call to undefined function request_filesystem_credentials()

2018-04-27T11:44:16+00:00 CRITICAL Call to undefined function request_filesystem_credentials()

2018-04-28T01:44:42+00:00 CRITICAL Call to undefined function request_filesystem_credentials()

2018-04-28T11:53:54+00:00 CRITICAL Call to undefined function request_filesystem_credentials()

2018-04-28T23:56:54+00:00 CRITICAL Call to undefined function request_filesystem_credentials()

2018-04-29T12:16:18+00:00 CRITICAL Call to undefined function request_filesystem_credentials()

2018-04-30T01:09:19+00:00 CRITICAL Call to undefined function request_filesystem_credentials()

2018-04-30T12:30:17+00:00 CRITICAL Call to undefined function request_filesystem_credentials()

2018-05-01T06:11:39+00:00 CRITICAL Call to undefined function request_filesystem_credentials()

2018-05-01T12:14:30+00:00 CRITICAL Call to undefined function request_filesystem_credentials()

2018-05-01T23:44:34+00:00 CRITICAL Call to undefined function request_filesystem_credentials()

2018-05-02T12:28:57+00:00 CRITICAL Call to undefined function request_filesystem_credentials()

2018-05-03T00:29:07+00:00 CRITICAL Call to undefined function request_filesystem_credentials()

2018-05-03T13:43:57+00:00 CRITICAL Call to undefined function request_filesystem_credentials()

2018-05-04T01:16:05+00:00 CRITICAL Call to undefined function request_filesystem_credentials()

2018-05-04T12:11:34+00:00 CRITICAL Call to undefined function request_filesystem_credentials()

2018-05-05T02:13:36+00:00 CRITICAL Call to undefined function request_filesystem_credentials()

2018-05-05T14:29:33+00:00 CRITICAL Call to undefined function request_filesystem_credentials()

2018-05-05T23:31:27+00:00 CRITICAL Call to undefined function request_filesystem_credentials()

2018-05-06T12:39:35+00:00 CRITICAL Call to undefined function request_filesystem_credentials()

2018-05-06T23:29:45+00:00 CRITICAL Call to undefined function request_filesystem_credentials()

2018-05-07T14:10:26+00:00 CRITICAL Call to undefined function request_filesystem_credentials()

2018-05-08T03:23:10+00:00 CRITICAL Call to undefined function request_filesystem_credentials()

2018-05-08T13:18:42+00:00 CRITICAL Call to undefined function request_filesystem_credentials()

2018-05-08T23:58:27+00:00 CRITICAL Call to undefined function request_filesystem_credentials()

2018-05-09T12:12:02+00:00 CRITICAL Call to undefined function request_filesystem_credentials()

2018-05-10T00:58:30+00:00 CRITICAL Call to undefined function request_filesystem_credentials()

2018-05-10T11:52:08+00:00 CRITICAL Call to undefined function request_filesystem_credentials()

2018-05-11T00:58:30+00:00 CRITICAL Call to undefined function request_filesystem_credentials()

2018-05-11T11:34:50+00:00 CRITICAL Call to undefined function request_filesystem_credentials()

2018-05-12T00:54:46+00:00 CRITICAL Call to undefined function request_filesystem_credentials()

2018-05-12T12:58:31+00:00 CRITICAL Call to undefined function request_filesystem_credentials()

2018-05-13T00:58:32+00:00 CRITICAL Call to undefined function request_filesystem_credentials()

2018-05-13T11:45:25+00:00 CRITICAL Call to undefined function request_filesystem_credentials()

2018-05-13T23:44:11+00:00 CRITICAL Call to undefined function request_filesystem_credentials()

2018-05-14T12:39:06+00:00 CRITICAL Call to undefined function request_filesystem_credentials()

2018-05-15T00:08:38+00:00 CRITICAL Call to undefined function request_filesystem_credentials()

2018-05-15T12:48:50+00:00 CRITICAL Call to undefined function request_filesystem_credentials()

2018-05-16T00:03:18+00:00 CRITICAL Call to undefined function request_filesystem_credentials()

2018-05-16T16:06:09+00:00 CRITICAL Call to undefined function request_filesystem_credentials()

2018-05-17T02:13:00+00:00 CRITICAL Call to undefined function request_filesystem_credentials()

2018-05-17T11:44:42+00:00 CRITICAL Call to undefined function request_filesystem_credentials()

2018-05-18T05:36:28+00:00 CRITICAL Call to undefined function request_filesystem_credentials()

2018-05-18T15:33:35+00:00 CRITICAL Call to undefined function request_filesystem_credentials()

2018-05-19T00:11:56+00:00 CRITICAL Call to undefined function request_filesystem_credentials()

2018-05-19T15:50:19+00:00 CRITICAL Call to undefined function request_filesystem_credentials()

2018-05-20T01:58:51+00:00 CRITICAL Call to undefined function request_filesystem_credentials()

2018-05-20T11:43:39+00:00 CRITICAL Call to undefined function request_filesystem_credentials()

2018-05-20T23:52:14+00:00 CRITICAL Call to undefined function request_filesystem_credentials()

2018-05-21T13:12:46+00:00 CRITICAL Call to undefined function request_filesystem_credentials()

2018-05-22T00:52:40+00:00 CRITICAL Call to undefined function request_filesystem_credentials()

2018-05-22T12:51:08+00:00 CRITICAL Call to undefined function request_filesystem_credentials()

2018-05-23T00:08:22+00:00 CRITICAL Call to undefined function request_filesystem_credentials()

2018-05-23T18:41:13+00:00 CRITICAL Call to undefined function request_filesystem_credentials()

2018-05-23T23:55:40+00:00 CRITICAL Call to undefined function request_filesystem_credentials()

2018-05-24T13:32:25+00:00 CRITICAL Call to undefined function request_filesystem_credentials()

2018-05-25T03:56:51+00:00 CRITICAL Call to undefined function request_filesystem_credentials()

2018-05-25T15:40:45+00:00 CRITICAL Call to undefined function request_filesystem_credentials()

2018-05-26T01:17:23+00:00 CRITICAL Call to undefined function request_filesystem_credentials()

2018-05-26T12:05:08+00:00 CRITICAL Call to undefined function request_filesystem_credentials()

2018-05-27T04:30:26+00:00 CRITICAL Call to undefined function request_filesystem_credentials()

2018-05-27T16:46:35+00:00 CRITICAL Call to undefined function request_filesystem_credentials()

2018-05-28T00:27:34+00:00 CRITICAL Call to undefined function request_filesystem_credentials()

2018-05-28T11:34:06+00:00 CRITICAL Call to undefined function request_filesystem_credentials()

2018-05-28T23:42:19+00:00 CRITICAL Call to undefined function request_filesystem_credentials()

2018-05-29T13:33:11+00:00 CRITICAL Call to undefined function request_filesystem_credentials()

2018-05-29T23:39:00+00:00 CRITICAL Call to undefined function request_filesystem_credentials()

2018-05-30T12:30:52+00:00 CRITICAL Call to undefined function request_filesystem_credentials()

2018-05-30T23:29:31+00:00 CRITICAL Call to undefined function request_filesystem_credentials()

2018-05-31T11:49:44+00:00 CRITICAL Call to undefined function request_filesystem_credentials()

2018-05-31T23:47:57+00:00 CRITICAL Call to undefined function request_filesystem_credentials()

2018-06-01T12:52:05+00:00 CRITICAL Call to undefined function request_filesystem_credentials()

2018-06-01T23:36:59+00:00 CRITICAL Call to undefined function request_filesystem_credentials()

2018-06-02T11:32:36+00:00 CRITICAL Call to undefined function request_filesystem_credentials()

2018-06-03T02:50:11+00:00 CRITICAL Call to undefined function request_filesystem_credentials()

2018-06-03T12:32:28+00:00 CRITICAL Call to undefined function request_filesystem_credentials()

2018-06-04T12:01:28+00:00 CRITICAL Uncaught Error: Call to undefined function request_filesystem_credentials() in /var/www/html/business/wp-admin/includes/class-wp-upgrader-skin.php:93
Stack trace:
#0 /var/www/html/business/wp-admin/includes/class-automatic-upgrader-skin.php(47): WP_Upgrader_Skin->request_filesystem_credentials(false, '/var/www/html/b...', true)
#1 /var/www/html/business/wp-admin/includes/class-wp-automatic-updater.php(144): Automatic_Upgrader_Skin->request_filesystem_credentials(false, '/var/www/html/b...', true)
#2 /var/www/html/business/wp-admin/includes/update.php(85): WP_Automatic_Updater->should_update('core', Object(stdClass), '/var/www/html/b...')
#3 /var/www/html/business/wp-includes/update.php(215): find_core_auto_update()
#4 /var/www/html/business/wp-includes/class-wp-hook.php(286): wp_version_check()
#5 /var/www/html/business/wp-includes/class-wp-hook.php(310): WP_Hook->apply_filters('', Array)
#6 /var/www/html/business/wp-includes/plugin.php(515): WP_Hook->do_action(Array)
#7 /var/www/html/business/wp-cron.php(126

2018-06-05T12:18:31+00:00 CRITICAL Uncaught Error: Call to undefined function request_filesystem_credentials() in /var/www/html/business/wp-admin/includes/class-wp-upgrader-skin.php:93
Stack trace:
#0 /var/www/html/business/wp-admin/includes/class-automatic-upgrader-skin.php(47): WP_Upgrader_Skin->request_filesystem_credentials(false, '/var/www/html/b...', true)
#1 /var/www/html/business/wp-admin/includes/class-wp-automatic-updater.php(144): Automatic_Upgrader_Skin->request_filesystem_credentials(false, '/var/www/html/b...', true)
#2 /var/www/html/business/wp-admin/includes/update.php(85): WP_Automatic_Updater->should_update('core', Object(stdClass), '/var/www/html/b...')
#3 /var/www/html/business/wp-includes/update.php(215): find_core_auto_update()
#4 /var/www/html/business/wp-includes/class-wp-hook.php(286): wp_version_check()
#5 /var/www/html/business/wp-includes/class-wp-hook.php(310): WP_Hook->apply_filters('', Array)
#6 /var/www/html/business/wp-includes/plugin.php(515): WP_Hook->do_action(Array)
#7 /var/www/html/business/wp-cron.php(126

2018-06-06T14:17:21+00:00 CRITICAL Uncaught Error: Call to undefined function request_filesystem_credentials() in /var/www/html/business/wp-admin/includes/class-wp-upgrader-skin.php:93
Stack trace:
#0 /var/www/html/business/wp-admin/includes/class-automatic-upgrader-skin.php(47): WP_Upgrader_Skin->request_filesystem_credentials(false, '/var/www/html/b...', true)
#1 /var/www/html/business/wp-admin/includes/class-wp-automatic-updater.php(144): Automatic_Upgrader_Skin->request_filesystem_credentials(false, '/var/www/html/b...', true)
#2 /var/www/html/business/wp-admin/includes/update.php(85): WP_Automatic_Updater->should_update('core', Object(stdClass), '/var/www/html/b...')
#3 /var/www/html/business/wp-includes/update.php(215): find_core_auto_update()
#4 /var/www/html/business/wp-includes/class-wp-hook.php(286): wp_version_check()
#5 /var/www/html/business/wp-includes/class-wp-hook.php(310): WP_Hook->apply_filters('', Array)
#6 /var/www/html/business/wp-includes/plugin.php(515): WP_Hook->do_action(Array)
#7 /var/www/html/business/wp-cron.php(126

